  0 -   1: </title><text>\'\'\'aa
  1 -   2: </text> </page>	

  2 -   3: }}</text> </page>	

  3 -   4: <page> <title>a
  4 -   5: \n|foundation = 19
  5 -   6: <page> <title>abc_
  6 -   7: <page> <title>abc_
  7 -   8:  the [[australian broadcasting corporation]]
  8 -   9:  the [[australian broadcasting corporation]]
  9 -  10:  [[australian broadcasting corporation]] 
 10 -  11: </title><text>{{infobox 
 11 -  12: <page> <title>ab
 12 -  13: </title><text>\'\'\'ab
 13 -  14: </title><text>\'\'\'a
 14 -  15: <page> <title>ac
 15 -  16: <page> <title>acc
 16 -  17: \n\n{{disambig}}</text> </page>	

 17 -  18: }}</text> </page>	

 18 -  19: \n\n{{disambiguation}}</text> </page>	

Program Completed. 
